#
# There is insufficient memory for the Java Runtime Environment to continue.
# Native memory allocation (malloc) failed to allocate 1048576 bytes for AllocateHeap
# Possible reasons:
#   The system is out of physical RAM or swap space
#   The process is running with CompressedOops enabled, and the Java Heap may be blocking the growth of the native heap
# Possible solutions:
#   Reduce memory load on the system
#   Increase physical memory or swap space
#   Check if swap backing store is full
#   Decrease Java heap size (-Xmx/-Xms)
#   Decrease number of Java threads
#   Decrease Java thread stack sizes (-Xss)
#   Set larger code cache with -XX:ReservedCodeCacheSize=
#   JVM is running with Unscaled Compressed Oops mode in which the Java heap is
#     placed in the first 4GB address space. The Java Heap base address is the
#     maximum limit for the native heap growth. Please use -XX:HeapBaseMinAddress
#     to set the Java Heap base and to place the Java Heap above 4GB virtual address.
# This output file may be truncated or incomplete.
#
#  Out of Memory Error (allocation.cpp:44), pid=2700, tid=13152
#
# JRE version:  (17.0.7) (build )
# Java VM: OpenJDK 64-Bit Server VM (17.0.7+0-b2043.56-10550314, mixed mode, sharing, tiered, compressed oops, compressed class ptrs, g1 gc, windows-amd64)
# No core dump will be written. Minidumps are not enabled by default on client versions of Windows
#

---------------  S U M M A R Y ------------

Command Line: git4idea.http.GitAskPassApp Username for 'https://github.com': 

Host: AMD Ryzen 5 3600 6-Core Processor              , 12 cores, 15G,  Windows 11 , 64 bit Build 22621 (10.0.22621.2506)
Time: Mon Dec  4 20:25:09 2023 W. Australia Standard Time elapsed time: 0.014028 seconds (0d 0h 0m 0s)

---------------  T H R E A D  ---------------

Current thread (0x00000139c95fb320):  JavaThread "Unknown thread" [_thread_in_vm, id=13152, stack(0x0000000bbca00000,0x0000000bbcb00000)]

Stack: [0x0000000bbca00000,0x0000000bbcb00000]
Native frames: (J=compiled Java code, j=interpreted, Vv=VM code, C=native code)
V  [jvm.dll+0x683bfa]
V  [jvm.dll+0x8430a4]
V  [jvm.dll+0x8449be]
V  [jvm.dll+0x845023]
V  [jvm.dll+0x24ad2f]
V  [jvm.dll+0xa69cf]
V  [jvm.dll+0x2dd084]
V  [jvm.dll+0x81435c]
V  [jvm.dll+0x36ffe1]
V  [jvm.dll+0x7f396c]
V  [jvm.dll+0x3f305f]
V  [jvm.dll+0x3f4b91]
C  [jli.dll+0x528f]
C  [ucrtbase.dll+0x29363]
C  [KERNEL32.DLL+0x1257d]
C  [ntdll.dll+0x5aa58]


---------------  P R O C E S S  ---------------

Threads class SMR info:
_java_thread_list=0x00007ffe4aecd098, length=0, elements={
}

Java Threads: ( => current thread )

Other Threads:

=>0x00000139c95fb320 (exited) JavaThread "Unknown thread" [_thread_in_vm, id=13152, stack(0x0000000bbca00000,0x0000000bbcb00000)]

Threads with active compile tasks:

VM state: not at safepoint (not fully initialized)

VM Mutex/Monitor currently owned by a thread: None

Heap address: 0x0000000000000000, size: 0 MB, Compressed Oops mode: 32-bit

CDS archive(s) mapped at: [0x0000000000000000-0x0000000000000000-0x0000000000000000), size 0, SharedBaseAddress: 0x0000000800000000, ArchiveRelocationMode: 0.
Narrow klass base: 0x0000000000000000, Narrow klass shift: 0, Narrow klass range: 0x0

GC Precious Log:
<Empty>

GC Heap History (0 events):
No events

Dll operation events (1 events):
Event: 0.010 Loaded shared library A:\Android Studio\jbr\bin\java.dll

Deoptimization events (0 events):
No events

Classes unloaded (0 events):
No events

Classes redefined (0 events):
No events

Internal exceptions (0 events):
No events

VM Operations (0 events):
No events

Events (0 events):
No events


Dynamic libraries:
0x00007ff768b10000 - 0x00007ff768b1a000 	A:\Android Studio\jbr\bin\java.exe
0x00007ffedb0b0000 - 0x00007ffedb2c7000 	C:\WINDOWS\SYSTEM32\ntdll.dll
0x00007ffed9b90000 - 0x00007ffed9c54000 	C:\WINDOWS\System32\KERNEL32.DLL
0x00007ffed8540000 - 0x00007ffed88e5000 	C:\WINDOWS\System32\KERNELBASE.dll
0x00007ffed8b00000 - 0x00007ffed8c11000 	C:\WINDOWS\System32\ucrtbase.dll
0x00007ffeb1390000 - 0x00007ffeb13a7000 	A:\Android Studio\jbr\bin\jli.dll
0x00007ffea6da0000 - 0x00007ffea6dbb000 	A:\Android Studio\jbr\bin\VCRUNTIME140.dll
0x00007ffed9370000 - 0x00007ffed951e000 	C:\WINDOWS\System32\USER32.dll
0x00007ffed8ad0000 - 0x00007ffed8af6000 	C:\WINDOWS\System32\win32u.dll
0x00007ffeb3f00000 - 0x00007ffeb4193000 	C:\WINDOWS\WinSxS\amd64_microsoft.windows.common-controls_6595b64144ccf1df_6.0.22621.2506_none_270c5ae97388e100\COMCTL32.dll
0x00007ffed9910000 - 0x00007ffed9939000 	C:\WINDOWS\System32\GDI32.dll
0x00007ffed8e00000 - 0x00007ffed8ea7000 	C:\WINDOWS\System32\msvcrt.dll
0x00007ffed8420000 - 0x00007ffed8539000 	C:\WINDOWS\System32\gdi32full.dll
0x00007ffed89b0000 - 0x00007ffed8a4a000 	C:\WINDOWS\System32\msvcp_win.dll
0x00007ffed9f80000 - 0x00007ffed9fb1000 	C:\WINDOWS\System32\IMM32.DLL
0x00007ffeb0890000 - 0x00007ffeb089c000 	A:\Android Studio\jbr\bin\vcruntime140_1.dll
0x00007ffe8a8c0000 - 0x00007ffe8a94d000 	A:\Android Studio\jbr\bin\msvcp140.dll
0x00007ffe4a390000 - 0x00007ffe4b010000 	A:\Android Studio\jbr\bin\server\jvm.dll
0x00007ffeda020000 - 0x00007ffeda0d1000 	C:\WINDOWS\System32\ADVAPI32.dll
0x00007ffed9ae0000 - 0x00007ffed9b86000 	C:\WINDOWS\System32\sechost.dll
0x00007ffed9520000 - 0x00007ffed9637000 	C:\WINDOWS\System32\RPCRT4.dll
0x00007ffecca30000 - 0x00007ffecca64000 	C:\WINDOWS\SYSTEM32\WINMM.dll
0x00007ffed0a30000 - 0x00007ffed0a3a000 	C:\WINDOWS\SYSTEM32\VERSION.dll
0x00007ffeb7fc0000 - 0x00007ffeb7fc9000 	C:\WINDOWS\SYSTEM32\WSOCK32.dll
0x00007ffed9f00000 - 0x00007ffed9f71000 	C:\WINDOWS\System32\WS2_32.dll
0x00007ffed7380000 - 0x00007ffed7398000 	C:\WINDOWS\SYSTEM32\kernel.appcore.dll
0x00007ffeb9150000 - 0x00007ffeb915a000 	A:\Android Studio\jbr\bin\jimage.dll
0x00007ffecfb40000 - 0x00007ffecfd73000 	C:\WINDOWS\SYSTEM32\DBGHELP.DLL
0x00007ffed8eb0000 - 0x00007ffed9239000 	C:\WINDOWS\System32\combase.dll
0x00007ffed9c60000 - 0x00007ffed9d37000 	C:\WINDOWS\System32\OLEAUT32.dll
0x00007ffecf2a0000 - 0x00007ffecf2d2000 	C:\WINDOWS\SYSTEM32\dbgcore.DLL
0x00007ffed8a50000 - 0x00007ffed8aca000 	C:\WINDOWS\System32\bcryptPrimitives.dll
0x00007ffeb1580000 - 0x00007ffeb15a5000 	A:\Android Studio\jbr\bin\java.dll

dbghelp: loaded successfully - version: 4.0.5 - missing functions: none
symbol engine: initialized successfully - sym options: 0x614 - pdb path: .;A:\Android Studio\jbr\bin;C:\WINDOWS\SYSTEM32;C:\WINDOWS\WinSxS\amd64_microsoft.windows.common-controls_6595b64144ccf1df_6.0.22621.2506_none_270c5ae97388e100;A:\Android Studio\jbr\bin\server

VM Arguments:
java_command: git4idea.http.GitAskPassApp Username for 'https://github.com': 
java_class_path (initial): A:/Android Studio/plugins/vcs-git/lib/git4idea-rt.jar;A:/Android Studio/lib/externalProcess-rt.jar
Launcher Type: SUN_STANDARD

[Global flags]
     intx CICompilerCount                          = 4                                         {product} {ergonomic}
     uint ConcGCThreads                            = 3                                         {product} {ergonomic}
     uint G1ConcRefinementThreads                  = 10                                        {product} {ergonomic}
   size_t G1HeapRegionSize                         = 2097152                                   {product} {ergonomic}
    uintx GCDrainStackTargetSize                   = 64                                        {product} {ergonomic}
   size_t InitialHeapSize                          = 268435456                                 {product} {ergonomic}
   size_t MarkStackSize                            = 4194304                                   {product} {ergonomic}
   size_t MaxHeapSize                              = 4282384384                                {product} {ergonomic}
   size_t MinHeapDeltaBytes                        = 2097152                                   {product} {ergonomic}
   size_t MinHeapSize                              = 8388608                                   {product} {ergonomic}
    uintx NonNMethodCodeHeapSize                   = 5839372                                {pd product} {ergonomic}
    uintx NonProfiledCodeHeapSize                  = 122909434                              {pd product} {ergonomic}
    uintx ProfiledCodeHeapSize                     = 122909434                              {pd product} {ergonomic}
    uintx ReservedCodeCacheSize                    = 251658240                              {pd product} {ergonomic}
     bool SegmentedCodeCache                       = true                                      {product} {ergonomic}
   size_t SoftMaxHeapSize                          = 4282384384                             {manageable} {ergonomic}
     bool UseCompressedClassPointers               = true                           {product lp64_product} {ergonomic}
     bool UseCompressedOops                        = true                           {product lp64_product} {ergonomic}
     bool UseG1GC                                  = true                                      {product} {ergonomic}
     bool UseLargePagesIndividualAllocation        = false                                  {pd product} {ergonomic}

Logging:
Log output configuration:
 #0: stdout all=warning uptime,level,tags
 #1: stderr all=off uptime,level,tags

Environment Variables:
JAVA_HOME=C:\Program Files\Java\jdk-20
PATH=C:\Program Files\Git\mingw64\libexec\git-core;C:\Program Files\Git\mingw64\libexec\git-core;C:\Program Files\Git\mingw64\bin;C:\Program Files\Git\usr\bin;C:\Users\Jake\bin;C:\Program Files\Common Files\Oracle\Java\javapath;C:\WINDOWS\system32;C:\WINDOWS;C:\WINDOWS\System32\Wbem;C:\WINDOWS\System32\WindowsPowerShell\v1.0;C:\WINDOWS\System32\OpenSSH;C:\Program Files (x86)\ATI Technologies\ATI.ACE\Core-Static;C:\Program Files (x86)\AOMEI Backupper;C:\Program Files (x86)\NVIDIA Corporation\PhysX\Common;C:\Program Files\NVIDIA Corporation\NVIDIA NvDLISR;C:\Program Files\Intel\WiFi\bin;C:\Program Files\Common Files\Intel\WirelessCommon;C:\Android;C:\Windows\System32;C:\Program Files (x86)\Windows Kits\8.1\Windows Performance Toolkit;C:\Program Files\dotnet;C:\WINDOWS\system32;C:\WINDOWS;C:\WINDOWS\System32\Wbem;C:\WINDOWS\System32\WindowsPowerShell\v1.0;C:\WINDOWS\System32\OpenSSH;C:\Program Files\Git\cmd;C:\Program Files\Microsoft SQL Server\130\Tools\Binn;C:\Program Files\Maven\apache-maven-3.9.1-bin\apache-maven-3.9.1\bin;C:\Users\Jake\AppData\Local\Microsoft\WindowsApps;C:\Users\Jake\Bin;C:\Users\Jake\.dotnet\tools;C:\Users\Jake\AppData\Local\Programs\Microsoft VS Code\bin;C:\Users\Jake\AppData\Local\JetBrains\Toolbox\scripts
USERNAME=Jake
DISPLAY=:0.0
LC_ALL=en_US.UTF-8
TERM=xterm-256color
TMPDIR=C:\Users\Jake\AppData\Local\Temp
OS=Windows_NT
PROCESSOR_IDENTIFIER=AMD64 Family 23 Model 113 Stepping 0, AuthenticAMD
TMP=C:\Users\Jake\AppData\Local\Temp
TEMP=C:\Users\Jake\AppData\Local\Temp


JNI global refs:
JNI global refs: 0, weak refs: 0

JNI global refs memory usage: 0, weak refs: 0

OOME stack traces (most recent first):
Classloader memory used:


---------------  S Y S T E M  ---------------

OS:
 Windows 11 , 64 bit Build 22621 (10.0.22621.2506)
OS uptime: 14 days 1:11 hours
Hyper-V role detected

CPU: total 12 (initial active 12) (12 cores per cpu, 2 threads per core) family 23 model 113 stepping 0 microcode 0x0, cx8, cmov, fxsr, ht, mmx, 3dnowpref, sse, sse2, sse3, ssse3, sse4a, sse4.1, sse4.2, popcnt, lzcnt, tsc, tscinvbit, avx, avx2, aes, clmul, bmi1, bmi2, adx, sha, fma, vzeroupper, clflush, clflushopt, hv

Memory: 4k page, system-wide physical 16335M (1155M free)
TotalPageFile size 32551M (AvailPageFile size 6M)
current process WorkingSet (physical memory assigned to process): 10M, peak: 10M
current process commit charge ("private bytes"): 12M, peak: 13M

vm_info: OpenJDK 64-Bit Server VM (17.0.7+0-b2043.56-10550314) for windows-amd64 JRE (17.0.7+0-b2043.56-10550314), built on Jul 24 2023 18:27:45 by "androidbuild" with MS VC++ 16.10 / 16.11 (VS2019)

END.
